<?xml version="1.0" encoding="UTF-8"?>
<testng-results skipped="1" failed="2" total="18" passed="15">
  <reporter-output>
  </reporter-output>
  <suite name="e-Hospital Automation Testing Suite " duration-ms="697698" started-at="2020-04-21T05:29:34Z" finished-at="2020-04-21T05:41:12Z">
    <groups>
    </groups>
    <test name="Test" duration-ms="697698" started-at="2020-04-21T05:29:34Z" finished-at="2020-04-21T05:41:12Z">
      <class name="com.qa.testcases.PasswordTest">
        <test-method status="PASS" signature="Setup()[pri:0, instance:com.qa.testcases.PasswordTest@4b9e13df]" name="Setup" is-config="true" duration-ms="17754" started-at="2020-04-21T11:01:28Z" finished-at="2020-04-21T11:01:46Z">
          <reporter-output>
          </reporter-output>
        </test-method> <!-- Setup -->
        <test-method status="PASS" signature="verify_password_page_Title()[pri:0, instance:com.qa.testcases.PasswordTest@4b9e13df]" name="verify_password_page_Title" duration-ms="24" started-at="2020-04-21T11:01:46Z" finished-at="2020-04-21T11:01:46Z">
          <reporter-output>
          </reporter-output>
        </test-method> <!-- verify_password_page_Title -->
        <test-method status="PASS" signature="Teardown()[pri:0, instance:com.qa.testcases.PasswordTest@4b9e13df]" name="Teardown" is-config="true" duration-ms="8807" started-at="2020-04-21T11:01:46Z" finished-at="2020-04-21T11:01:55Z">
          <reporter-output>
          </reporter-output>
        </test-method> <!-- Teardown -->
        <test-method status="PASS" signature="Setup()[pri:0, instance:com.qa.testcases.PasswordTest@4b9e13df]" name="Setup" is-config="true" duration-ms="33473" started-at="2020-04-21T11:01:55Z" finished-at="2020-04-21T11:02:28Z">
          <reporter-output>
          </reporter-output>
        </test-method> <!-- Setup -->
        <test-method status="PASS" signature="Verify_Username_is_Displayed_Test()[pri:0, instance:com.qa.testcases.PasswordTest@4b9e13df]" name="Verify_Username_is_Displayed_Test" duration-ms="115" started-at="2020-04-21T11:02:28Z" finished-at="2020-04-21T11:02:28Z">
          <reporter-output>
          </reporter-output>
        </test-method> <!-- Verify_Username_is_Displayed_Test -->
        <test-method status="PASS" signature="Teardown()[pri:0, instance:com.qa.testcases.PasswordTest@4b9e13df]" name="Teardown" is-config="true" duration-ms="5311" started-at="2020-04-21T11:02:28Z" finished-at="2020-04-21T11:02:34Z">
          <reporter-output>
          </reporter-output>
        </test-method> <!-- Teardown -->
        <test-method status="PASS" signature="Setup()[pri:0, instance:com.qa.testcases.PasswordTest@4b9e13df]" name="Setup" is-config="true" duration-ms="22730" started-at="2020-04-21T11:02:34Z" finished-at="2020-04-21T11:02:57Z">
          <reporter-output>
          </reporter-output>
        </test-method> <!-- Setup -->
        <test-method status="PASS" signature="Enter_Password_Test()[pri:0, instance:com.qa.testcases.PasswordTest@4b9e13df]" name="Enter_Password_Test" duration-ms="1745" started-at="2020-04-21T11:02:57Z" finished-at="2020-04-21T11:02:58Z">
          <reporter-output>
          </reporter-output>
        </test-method> <!-- Enter_Password_Test -->
        <test-method status="PASS" signature="Teardown()[pri:0, instance:com.qa.testcases.PasswordTest@4b9e13df]" name="Teardown" is-config="true" duration-ms="9201" started-at="2020-04-21T11:02:58Z" finished-at="2020-04-21T11:03:07Z">
          <reporter-output>
          </reporter-output>
        </test-method> <!-- Teardown -->
        <test-method status="PASS" signature="Setup()[pri:0, instance:com.qa.testcases.PasswordTest@4b9e13df]" name="Setup" is-config="true" duration-ms="19923" started-at="2020-04-21T11:03:07Z" finished-at="2020-04-21T11:03:27Z">
          <reporter-output>
          </reporter-output>
        </test-method> <!-- Setup -->
        <test-method status="PASS" signature="ClickingForgot_Password_Test()[pri:0, instance:com.qa.testcases.PasswordTest@4b9e13df]" name="ClickingForgot_Password_Test" duration-ms="613" started-at="2020-04-21T11:03:27Z" finished-at="2020-04-21T11:03:28Z">
          <reporter-output>
          </reporter-output>
        </test-method> <!-- ClickingForgot_Password_Test -->
        <test-method status="PASS" signature="Teardown()[pri:0, instance:com.qa.testcases.PasswordTest@4b9e13df]" name="Teardown" is-config="true" duration-ms="7659" started-at="2020-04-21T11:03:28Z" finished-at="2020-04-21T11:03:36Z">
          <reporter-output>
          </reporter-output>
        </test-method> <!-- Teardown -->
        <test-method status="PASS" signature="Setup()[pri:0, instance:com.qa.testcases.PasswordTest@4b9e13df]" name="Setup" is-config="true" duration-ms="25758" started-at="2020-04-21T11:03:36Z" finished-at="2020-04-21T11:04:01Z">
          <reporter-output>
          </reporter-output>
        </test-method> <!-- Setup -->
        <test-method status="PASS" signature="Use_Another_user_Test()[pri:0, instance:com.qa.testcases.PasswordTest@4b9e13df]" name="Use_Another_user_Test" duration-ms="582" started-at="2020-04-21T11:04:01Z" finished-at="2020-04-21T11:04:02Z">
          <reporter-output>
          </reporter-output>
        </test-method> <!-- Use_Another_user_Test -->
        <test-method status="PASS" signature="Teardown()[pri:0, instance:com.qa.testcases.PasswordTest@4b9e13df]" name="Teardown" is-config="true" duration-ms="9278" started-at="2020-04-21T11:04:02Z" finished-at="2020-04-21T11:04:11Z">
          <reporter-output>
          </reporter-output>
        </test-method> <!-- Teardown -->
      </class> <!-- com.qa.testcases.PasswordTest -->
      <class name="com.qa.testcases.LoginTest">
        <test-method status="PASS" signature="Setup()[pri:0, instance:com.qa.testcases.LoginTest@3ffc5af1]" name="Setup" is-config="true" duration-ms="36648" started-at="2020-04-21T10:59:34Z" finished-at="2020-04-21T11:00:11Z">
          <reporter-output>
          </reporter-output>
        </test-method> <!-- Setup -->
        <test-method status="PASS" signature="LoginPageTitelTest()[pri:0, instance:com.qa.testcases.LoginTest@3ffc5af1]" name="LoginPageTitelTest" duration-ms="112" started-at="2020-04-21T11:00:11Z" finished-at="2020-04-21T11:00:11Z">
          <reporter-output>
          </reporter-output>
        </test-method> <!-- LoginPageTitelTest -->
        <test-method status="PASS" signature="Teardown()[pri:0, instance:com.qa.testcases.LoginTest@3ffc5af1]" name="Teardown" is-config="true" duration-ms="8680" started-at="2020-04-21T11:00:11Z" finished-at="2020-04-21T11:00:20Z">
          <reporter-output>
          </reporter-output>
        </test-method> <!-- Teardown -->
        <test-method status="PASS" signature="Setup()[pri:0, instance:com.qa.testcases.LoginTest@3ffc5af1]" name="Setup" is-config="true" duration-ms="28636" started-at="2020-04-21T11:00:20Z" finished-at="2020-04-21T11:00:48Z">
          <reporter-output>
          </reporter-output>
        </test-method> <!-- Setup -->
        <test-method status="PASS" signature="eHospitalLogoTest()[pri:0, instance:com.qa.testcases.LoginTest@3ffc5af1]" name="eHospitalLogoTest" duration-ms="292" started-at="2020-04-21T11:00:48Z" finished-at="2020-04-21T11:00:49Z">
          <reporter-output>
          </reporter-output>
        </test-method> <!-- eHospitalLogoTest -->
        <test-method status="PASS" signature="Teardown()[pri:0, instance:com.qa.testcases.LoginTest@3ffc5af1]" name="Teardown" is-config="true" duration-ms="8996" started-at="2020-04-21T11:00:49Z" finished-at="2020-04-21T11:00:58Z">
          <reporter-output>
          </reporter-output>
        </test-method> <!-- Teardown -->
        <test-method status="PASS" signature="Setup()[pri:0, instance:com.qa.testcases.LoginTest@3ffc5af1]" name="Setup" is-config="true" duration-ms="23258" started-at="2020-04-21T11:00:58Z" finished-at="2020-04-21T11:01:21Z">
          <reporter-output>
          </reporter-output>
        </test-method> <!-- Setup -->
        <test-method status="PASS" signature="UsernameTest()[pri:0, instance:com.qa.testcases.LoginTest@3ffc5af1]" name="UsernameTest" duration-ms="2039" started-at="2020-04-21T11:01:21Z" finished-at="2020-04-21T11:01:23Z">
          <reporter-output>
          </reporter-output>
        </test-method> <!-- UsernameTest -->
        <test-method status="PASS" signature="Teardown()[pri:0, instance:com.qa.testcases.LoginTest@3ffc5af1]" name="Teardown" is-config="true" duration-ms="5425" started-at="2020-04-21T11:01:23Z" finished-at="2020-04-21T11:01:28Z">
          <reporter-output>
          </reporter-output>
        </test-method> <!-- Teardown -->
      </class> <!-- com.qa.testcases.LoginTest -->
      <class name="com.qa.testcases.HomeTest">
        <test-method status="PASS" signature="Setup()[pri:0, instance:com.qa.testcases.HomeTest@29774679]" name="Setup" is-config="true" duration-ms="35312" started-at="2020-04-21T11:04:11Z" finished-at="2020-04-21T11:04:47Z">
          <reporter-output>
          </reporter-output>
        </test-method> <!-- Setup -->
        <test-method status="PASS" signature="verify_home_page_URL_Test()[pri:0, instance:com.qa.testcases.HomeTest@29774679]" name="verify_home_page_URL_Test" duration-ms="168" started-at="2020-04-21T11:04:47Z" finished-at="2020-04-21T11:04:47Z">
          <reporter-output>
          </reporter-output>
        </test-method> <!-- verify_home_page_URL_Test -->
        <test-method status="PASS" signature="Teardown()[pri:0, instance:com.qa.testcases.HomeTest@29774679]" name="Teardown" is-config="true" duration-ms="8347" started-at="2020-04-21T11:04:47Z" finished-at="2020-04-21T11:04:55Z">
          <reporter-output>
          </reporter-output>
        </test-method> <!-- Teardown -->
        <test-method status="PASS" signature="Setup()[pri:0, instance:com.qa.testcases.HomeTest@29774679]" name="Setup" is-config="true" duration-ms="28512" started-at="2020-04-21T11:04:55Z" finished-at="2020-04-21T11:05:24Z">
          <reporter-output>
          </reporter-output>
        </test-method> <!-- Setup -->
        <test-method status="FAIL" signature="verify_patient_registration_link_Test()[pri:0, instance:com.qa.testcases.HomeTest@29774679]" name="verify_patient_registration_link_Test" duration-ms="20932" started-at="2020-04-21T11:05:24Z" finished-at="2020-04-21T11:05:45Z">
          <exception class="org.openqa.selenium.NoSuchElementException">
            <message>
              <![CDATA[Unable to locate element: //*[@id="ehosfrm"]
For documentation on this error, please visit: https://www.seleniumhq.org/exceptions/no_such_element.html
Build info: version: '3.141.59', revision: 'e82be7d358', time: '2018-11-14T08:17:03'
System info: host: 'DELL', ip: '192.168.29.210', os.name: 'Windows 8.1', os.arch: 'amd64', os.version: '6.3', java.version: '1.8.0_251'
Driver info: org.openqa.selenium.firefox.FirefoxDriver
Capabilities {acceptInsecureCerts: true, browserName: firefox, browserVersion: 75.0, javascriptEnabled: true, moz:accessibilityChecks: false, moz:buildID: 20200403170909, moz:geckodriverVersion: 0.24.0, moz:headless: false, moz:processID: 600, moz:profile: C:\Users\Yatan\AppData\Loca..., moz:shutdownTimeout: 60000, moz:useNonSpecCompliantPointerOrigin: false, moz:webdriverClick: true, pageLoadStrategy: normal, platform: WINDOWS, platformName: WINDOWS, platformVersion: 6.3, rotatable: false, setWindowRect: true, strictFileInteractability: false, timeouts: {implicit: 0, pageLoad: 300000, script: 30000}, unhandledPromptBehavior: dismiss and notify}
Session ID: f88e557b-e040-4f1c-943e-45d4a79c4ec8
*** Element info: {Using=xpath, value=//*[@id="ehosfrm"]}]]>
            </message>
            <full-stacktrace>
              <![CDATA[org.openqa.selenium.NoSuchElementException: Unable to locate element: //*[@id="ehosfrm"]
For documentation on this error, please visit: https://www.seleniumhq.org/exceptions/no_such_element.html
Build info: version: '3.141.59', revision: 'e82be7d358', time: '2018-11-14T08:17:03'
System info: host: 'DELL', ip: '192.168.29.210', os.name: 'Windows 8.1', os.arch: 'amd64', os.version: '6.3', java.version: '1.8.0_251'
Driver info: org.openqa.selenium.firefox.FirefoxDriver
Capabilities {acceptInsecureCerts: true, browserName: firefox, browserVersion: 75.0, javascriptEnabled: true, moz:accessibilityChecks: false, moz:buildID: 20200403170909, moz:geckodriverVersion: 0.24.0, moz:headless: false, moz:processID: 600, moz:profile: C:\Users\Yatan\AppData\Loca..., moz:shutdownTimeout: 60000, moz:useNonSpecCompliantPointerOrigin: false, moz:webdriverClick: true, pageLoadStrategy: normal, platform: WINDOWS, platformName: WINDOWS, platformVersion: 6.3, rotatable: false, setWindowRect: true, strictFileInteractability: false, timeouts: {implicit: 0, pageLoad: 300000, script: 30000}, unhandledPromptBehavior: dismiss and notify}
Session ID: f88e557b-e040-4f1c-943e-45d4a79c4ec8
*** Element info: {Using=xpath, value=//*[@id="ehosfrm"]}
	at sun.reflect.NativeConstructorAccessorImpl.newInstance0(Native Method)
	at sun.reflect.NativeConstructorAccessorImpl.newInstance(Unknown Source)
	at sun.reflect.DelegatingConstructorAccessorImpl.newInstance(Unknown Source)
	at java.lang.reflect.Constructor.newInstance(Unknown Source)
	at org.openqa.selenium.remote.http.W3CHttpResponseCodec.createException(W3CHttpResponseCodec.java:187)
	at org.openqa.selenium.remote.http.W3CHttpResponseCodec.decode(W3CHttpResponseCodec.java:122)
	at org.openqa.selenium.remote.http.W3CHttpResponseCodec.decode(W3CHttpResponseCodec.java:49)
	at org.openqa.selenium.remote.HttpCommandExecutor.execute(HttpCommandExecutor.java:158)
	at org.openqa.selenium.remote.service.DriverCommandExecutor.execute(DriverCommandExecutor.java:83)
	at org.openqa.selenium.remote.RemoteWebDriver.execute(RemoteWebDriver.java:552)
	at org.openqa.selenium.remote.RemoteWebDriver.findElement(RemoteWebDriver.java:323)
	at org.openqa.selenium.remote.RemoteWebDriver.findElementByXPath(RemoteWebDriver.java:428)
	at org.openqa.selenium.By$ByXPath.findElement(By.java:353)
	at org.openqa.selenium.remote.RemoteWebDriver.findElement(RemoteWebDriver.java:315)
	at sun.reflect.GeneratedMethodAccessor5.invoke(Unknown Source)
	at sun.reflect.DelegatingMethodAccessorImpl.invoke(Unknown Source)
	at java.lang.reflect.Method.invoke(Unknown Source)
	at org.openqa.selenium.support.events.EventFiringWebDriver.lambda$new$1(EventFiringWebDriver.java:105)
	at com.sun.proxy.$Proxy7.findElement(Unknown Source)
	at org.openqa.selenium.support.events.EventFiringWebDriver.findElement(EventFiringWebDriver.java:194)
	at com.qa.util.TestUtil.MainFrame(TestUtil.java:36)
	at com.qa.testcases.HomeTest.verify_patient_registration_link_Test(HomeTest.java:49)
	at sun.reflect.NativeMethodAccessorImpl.invoke0(Native Method)
	at sun.reflect.NativeMethodAccessorImpl.invoke(Unknown Source)
	at sun.reflect.DelegatingMethodAccessorImpl.invoke(Unknown Source)
	at java.lang.reflect.Method.invoke(Unknown Source)
	at org.testng.internal.MethodInvocationHelper.invokeMethod(MethodInvocationHelper.java:80)
	at org.testng.internal.Invoker.invokeMethod(Invoker.java:714)
	at org.testng.internal.Invoker.invokeTestMethod(Invoker.java:901)
	at org.testng.internal.Invoker.invokeTestMethods(Invoker.java:1231)
	at org.testng.internal.TestMethodWorker.invokeTestMethods(TestMethodWorker.java:127)
	at org.testng.internal.TestMethodWorker.run(TestMethodWorker.java:111)
	at org.testng.TestRunner.privateRun(TestRunner.java:767)
	at org.testng.TestRunner.run(TestRunner.java:617)
	at org.testng.SuiteRunner.runTest(SuiteRunner.java:334)
	at org.testng.SuiteRunner.runSequentially(SuiteRunner.java:329)
	at org.testng.SuiteRunner.privateRun(SuiteRunner.java:291)
	at org.testng.SuiteRunner.run(SuiteRunner.java:240)
	at org.testng.SuiteRunnerWorker.runSuite(SuiteRunnerWorker.java:52)
	at org.testng.SuiteRunnerWorker.run(SuiteRunnerWorker.java:86)
	at org.testng.TestNG.runSuitesSequentially(TestNG.java:1198)
	at org.testng.TestNG.runSuitesLocally(TestNG.java:1123)
	at org.testng.TestNG.run(TestNG.java:1031)
	at org.testng.remote.AbstractRemoteTestNG.run(AbstractRemoteTestNG.java:126)
	at org.testng.remote.RemoteTestNG.initAndRun(RemoteTestNG.java:152)
	at org.testng.remote.RemoteTestNG.main(RemoteTestNG.java:57)
]]>
            </full-stacktrace>
          </exception> <!-- org.openqa.selenium.NoSuchElementException -->
          <reporter-output>
          </reporter-output>
        </test-method> <!-- verify_patient_registration_link_Test -->
        <test-method status="PASS" signature="Teardown()[pri:0, instance:com.qa.testcases.HomeTest@29774679]" name="Teardown" is-config="true" duration-ms="6712" started-at="2020-04-21T11:05:45Z" finished-at="2020-04-21T11:05:51Z">
          <reporter-output>
          </reporter-output>
        </test-method> <!-- Teardown -->
        <test-method status="PASS" signature="Setup()[pri:0, instance:com.qa.testcases.HomeTest@29774679]" name="Setup" is-config="true" duration-ms="22983" started-at="2020-04-21T11:05:51Z" finished-at="2020-04-21T11:06:14Z">
          <reporter-output>
          </reporter-output>
        </test-method> <!-- Setup -->
        <test-method status="FAIL" signature="verify_new_registration_link_Test()[pri:0, instance:com.qa.testcases.HomeTest@29774679]" name="verify_new_registration_link_Test" duration-ms="20662" started-at="2020-04-21T11:06:14Z" finished-at="2020-04-21T11:06:35Z">
          <exception class="org.openqa.selenium.NoSuchElementException">
            <message>
              <![CDATA[Unable to locate element: //*[@id="ehosfrm"]
For documentation on this error, please visit: https://www.seleniumhq.org/exceptions/no_such_element.html
Build info: version: '3.141.59', revision: 'e82be7d358', time: '2018-11-14T08:17:03'
System info: host: 'DELL', ip: '192.168.29.210', os.name: 'Windows 8.1', os.arch: 'amd64', os.version: '6.3', java.version: '1.8.0_251'
Driver info: org.openqa.selenium.firefox.FirefoxDriver
Capabilities {acceptInsecureCerts: true, browserName: firefox, browserVersion: 75.0, javascriptEnabled: true, moz:accessibilityChecks: false, moz:buildID: 20200403170909, moz:geckodriverVersion: 0.24.0, moz:headless: false, moz:processID: 10696, moz:profile: C:\Users\Yatan\AppData\Loca..., moz:shutdownTimeout: 60000, moz:useNonSpecCompliantPointerOrigin: false, moz:webdriverClick: true, pageLoadStrategy: normal, platform: WINDOWS, platformName: WINDOWS, platformVersion: 6.3, rotatable: false, setWindowRect: true, strictFileInteractability: false, timeouts: {implicit: 0, pageLoad: 300000, script: 30000}, unhandledPromptBehavior: dismiss and notify}
Session ID: ca1a1543-2ea4-4503-bcbb-b34dc2062b88
*** Element info: {Using=xpath, value=//*[@id="ehosfrm"]}]]>
            </message>
            <full-stacktrace>
              <![CDATA[org.openqa.selenium.NoSuchElementException: Unable to locate element: //*[@id="ehosfrm"]
For documentation on this error, please visit: https://www.seleniumhq.org/exceptions/no_such_element.html
Build info: version: '3.141.59', revision: 'e82be7d358', time: '2018-11-14T08:17:03'
System info: host: 'DELL', ip: '192.168.29.210', os.name: 'Windows 8.1', os.arch: 'amd64', os.version: '6.3', java.version: '1.8.0_251'
Driver info: org.openqa.selenium.firefox.FirefoxDriver
Capabilities {acceptInsecureCerts: true, browserName: firefox, browserVersion: 75.0, javascriptEnabled: true, moz:accessibilityChecks: false, moz:buildID: 20200403170909, moz:geckodriverVersion: 0.24.0, moz:headless: false, moz:processID: 10696, moz:profile: C:\Users\Yatan\AppData\Loca..., moz:shutdownTimeout: 60000, moz:useNonSpecCompliantPointerOrigin: false, moz:webdriverClick: true, pageLoadStrategy: normal, platform: WINDOWS, platformName: WINDOWS, platformVersion: 6.3, rotatable: false, setWindowRect: true, strictFileInteractability: false, timeouts: {implicit: 0, pageLoad: 300000, script: 30000}, unhandledPromptBehavior: dismiss and notify}
Session ID: ca1a1543-2ea4-4503-bcbb-b34dc2062b88
*** Element info: {Using=xpath, value=//*[@id="ehosfrm"]}
	at sun.reflect.NativeConstructorAccessorImpl.newInstance0(Native Method)
	at sun.reflect.NativeConstructorAccessorImpl.newInstance(Unknown Source)
	at sun.reflect.DelegatingConstructorAccessorImpl.newInstance(Unknown Source)
	at java.lang.reflect.Constructor.newInstance(Unknown Source)
	at org.openqa.selenium.remote.http.W3CHttpResponseCodec.createException(W3CHttpResponseCodec.java:187)
	at org.openqa.selenium.remote.http.W3CHttpResponseCodec.decode(W3CHttpResponseCodec.java:122)
	at org.openqa.selenium.remote.http.W3CHttpResponseCodec.decode(W3CHttpResponseCodec.java:49)
	at org.openqa.selenium.remote.HttpCommandExecutor.execute(HttpCommandExecutor.java:158)
	at org.openqa.selenium.remote.service.DriverCommandExecutor.execute(DriverCommandExecutor.java:83)
	at org.openqa.selenium.remote.RemoteWebDriver.execute(RemoteWebDriver.java:552)
	at org.openqa.selenium.remote.RemoteWebDriver.findElement(RemoteWebDriver.java:323)
	at org.openqa.selenium.remote.RemoteWebDriver.findElementByXPath(RemoteWebDriver.java:428)
	at org.openqa.selenium.By$ByXPath.findElement(By.java:353)
	at org.openqa.selenium.remote.RemoteWebDriver.findElement(RemoteWebDriver.java:315)
	at sun.reflect.GeneratedMethodAccessor5.invoke(Unknown Source)
	at sun.reflect.DelegatingMethodAccessorImpl.invoke(Unknown Source)
	at java.lang.reflect.Method.invoke(Unknown Source)
	at org.openqa.selenium.support.events.EventFiringWebDriver.lambda$new$1(EventFiringWebDriver.java:105)
	at com.sun.proxy.$Proxy7.findElement(Unknown Source)
	at org.openqa.selenium.support.events.EventFiringWebDriver.findElement(EventFiringWebDriver.java:194)
	at com.qa.util.TestUtil.MainFrame(TestUtil.java:36)
	at com.qa.testcases.HomeTest.verify_new_registration_link_Test(HomeTest.java:56)
	at sun.reflect.NativeMethodAccessorImpl.invoke0(Native Method)
	at sun.reflect.NativeMethodAccessorImpl.invoke(Unknown Source)
	at sun.reflect.DelegatingMethodAccessorImpl.invoke(Unknown Source)
	at java.lang.reflect.Method.invoke(Unknown Source)
	at org.testng.internal.MethodInvocationHelper.invokeMethod(MethodInvocationHelper.java:80)
	at org.testng.internal.Invoker.invokeMethod(Invoker.java:714)
	at org.testng.internal.Invoker.invokeTestMethod(Invoker.java:901)
	at org.testng.internal.Invoker.invokeTestMethods(Invoker.java:1231)
	at org.testng.internal.TestMethodWorker.invokeTestMethods(TestMethodWorker.java:127)
	at org.testng.internal.TestMethodWorker.run(TestMethodWorker.java:111)
	at org.testng.TestRunner.privateRun(TestRunner.java:767)
	at org.testng.TestRunner.run(TestRunner.java:617)
	at org.testng.SuiteRunner.runTest(SuiteRunner.java:334)
	at org.testng.SuiteRunner.runSequentially(SuiteRunner.java:329)
	at org.testng.SuiteRunner.privateRun(SuiteRunner.java:291)
	at org.testng.SuiteRunner.run(SuiteRunner.java:240)
	at org.testng.SuiteRunnerWorker.runSuite(SuiteRunnerWorker.java:52)
	at org.testng.SuiteRunnerWorker.run(SuiteRunnerWorker.java:86)
	at org.testng.TestNG.runSuitesSequentially(TestNG.java:1198)
	at org.testng.TestNG.runSuitesLocally(TestNG.java:1123)
	at org.testng.TestNG.run(TestNG.java:1031)
	at org.testng.remote.AbstractRemoteTestNG.run(AbstractRemoteTestNG.java:126)
	at org.testng.remote.RemoteTestNG.initAndRun(RemoteTestNG.java:152)
	at org.testng.remote.RemoteTestNG.main(RemoteTestNG.java:57)
]]>
            </full-stacktrace>
          </exception> <!-- org.openqa.selenium.NoSuchElementException -->
          <reporter-output>
          </reporter-output>
        </test-method> <!-- verify_new_registration_link_Test -->
        <test-method status="PASS" signature="Teardown()[pri:0, instance:com.qa.testcases.HomeTest@29774679]" name="Teardown" is-config="true" duration-ms="6555" started-at="2020-04-21T11:06:35Z" finished-at="2020-04-21T11:06:41Z">
          <reporter-output>
          </reporter-output>
        </test-method> <!-- Teardown -->
      </class> <!-- com.qa.testcases.HomeTest -->
      <class name="com.qa.testcases.NewRegistrationTest">
        <test-method status="PASS" signature="Setup()[pri:0, instance:com.qa.testcases.NewRegistrationTest@61832929]" name="Setup" is-config="true" duration-ms="25097" started-at="2020-04-21T11:06:41Z" finished-at="2020-04-21T11:07:07Z">
          <reporter-output>
          </reporter-output>
        </test-method> <!-- Setup -->
        <test-method status="PASS" signature="Verify_Enter_Mobile_Popup_test()[pri:0, instance:com.qa.testcases.NewRegistrationTest@61832929]" name="Verify_Enter_Mobile_Popup_test" duration-ms="1197" started-at="2020-04-21T11:07:07Z" finished-at="2020-04-21T11:07:08Z">
          <reporter-output>
          </reporter-output>
        </test-method> <!-- Verify_Enter_Mobile_Popup_test -->
        <test-method status="PASS" signature="Teardown()[pri:0, instance:com.qa.testcases.NewRegistrationTest@61832929]" name="Teardown" is-config="true" duration-ms="7096" started-at="2020-04-21T11:07:08Z" finished-at="2020-04-21T11:07:15Z">
          <reporter-output>
          </reporter-output>
        </test-method> <!-- Teardown -->
        <test-method status="PASS" signature="Setup()[pri:0, instance:com.qa.testcases.NewRegistrationTest@61832929]" name="Setup" is-config="true" duration-ms="25111" started-at="2020-04-21T11:07:15Z" finished-at="2020-04-21T11:07:40Z">
          <reporter-output>
          </reporter-output>
        </test-method> <!-- Setup -->
        <test-method status="PASS" signature="Enter_Mobile_No_Textfield_Test()[pri:0, instance:com.qa.testcases.NewRegistrationTest@61832929]" name="Enter_Mobile_No_Textfield_Test" duration-ms="2351" started-at="2020-04-21T11:07:40Z" finished-at="2020-04-21T11:07:42Z">
          <reporter-output>
          </reporter-output>
        </test-method> <!-- Enter_Mobile_No_Textfield_Test -->
        <test-method status="PASS" signature="Teardown()[pri:0, instance:com.qa.testcases.NewRegistrationTest@61832929]" name="Teardown" is-config="true" duration-ms="7649" started-at="2020-04-21T11:07:42Z" finished-at="2020-04-21T11:07:50Z">
          <reporter-output>
          </reporter-output>
        </test-method> <!-- Teardown -->
        <test-method status="PASS" signature="Setup()[pri:0, instance:com.qa.testcases.NewRegistrationTest@61832929]" name="Setup" is-config="true" duration-ms="26463" started-at="2020-04-21T11:07:50Z" finished-at="2020-04-21T11:08:16Z">
          <reporter-output>
          </reporter-output>
        </test-method> <!-- Setup -->
        <test-method status="PASS" signature="Verify_Search_Button_Ispresent_Test()[pri:0, instance:com.qa.testcases.NewRegistrationTest@61832929]" name="Verify_Search_Button_Ispresent_Test" duration-ms="1827" started-at="2020-04-21T11:08:16Z" finished-at="2020-04-21T11:08:18Z">
          <reporter-output>
          </reporter-output>
        </test-method> <!-- Verify_Search_Button_Ispresent_Test -->
        <test-method status="PASS" signature="Teardown()[pri:0, instance:com.qa.testcases.NewRegistrationTest@61832929]" name="Teardown" is-config="true" duration-ms="9930" started-at="2020-04-21T11:08:18Z" finished-at="2020-04-21T11:08:28Z">
          <reporter-output>
          </reporter-output>
        </test-method> <!-- Teardown -->
        <test-method status="PASS" signature="Setup()[pri:0, instance:com.qa.testcases.NewRegistrationTest@61832929]" name="Setup" is-config="true" duration-ms="37998" started-at="2020-04-21T11:08:28Z" finished-at="2020-04-21T11:09:06Z">
          <reporter-output>
          </reporter-output>
        </test-method> <!-- Setup -->
        <test-method status="PASS" signature="Verify_Search_Button_Functioning_Test()[pri:0, instance:com.qa.testcases.NewRegistrationTest@61832929]" name="Verify_Search_Button_Functioning_Test" duration-ms="4410" started-at="2020-04-21T11:09:06Z" finished-at="2020-04-21T11:09:11Z">
          <reporter-output>
          </reporter-output>
        </test-method> <!-- Verify_Search_Button_Functioning_Test -->
        <test-method status="PASS" signature="Teardown()[pri:0, instance:com.qa.testcases.NewRegistrationTest@61832929]" name="Teardown" is-config="true" duration-ms="7708" started-at="2020-04-21T11:09:11Z" finished-at="2020-04-21T11:09:18Z">
          <reporter-output>
          </reporter-output>
        </test-method> <!-- Teardown -->
        <test-method status="PASS" signature="Setup()[pri:0, instance:com.qa.testcases.NewRegistrationTest@61832929]" name="Setup" is-config="true" duration-ms="21583" started-at="2020-04-21T11:09:18Z" finished-at="2020-04-21T11:09:40Z">
          <reporter-output>
          </reporter-output>
        </test-method> <!-- Setup -->
        <test-method status="PASS" signature="Verify_Skip_Button_Availability_Test()[pri:0, instance:com.qa.testcases.NewRegistrationTest@61832929]" name="Verify_Skip_Button_Availability_Test" duration-ms="1019" started-at="2020-04-21T11:09:40Z" finished-at="2020-04-21T11:09:41Z">
          <reporter-output>
          </reporter-output>
        </test-method> <!-- Verify_Skip_Button_Availability_Test -->
        <test-method status="PASS" signature="Teardown()[pri:0, instance:com.qa.testcases.NewRegistrationTest@61832929]" name="Teardown" is-config="true" duration-ms="8793" started-at="2020-04-21T11:09:41Z" finished-at="2020-04-21T11:09:50Z">
          <reporter-output>
          </reporter-output>
        </test-method> <!-- Teardown -->
        <test-method status="PASS" signature="Setup()[pri:0, instance:com.qa.testcases.NewRegistrationTest@61832929]" name="Setup" is-config="true" duration-ms="25789" started-at="2020-04-21T11:09:50Z" finished-at="2020-04-21T11:10:16Z">
          <reporter-output>
          </reporter-output>
        </test-method> <!-- Setup -->
        <test-method status="PASS" signature="Verify_Skip_Button_Functioning_Test()[pri:0, instance:com.qa.testcases.NewRegistrationTest@61832929]" name="Verify_Skip_Button_Functioning_Test" duration-ms="931" started-at="2020-04-21T11:10:16Z" finished-at="2020-04-21T11:10:16Z">
          <reporter-output>
          </reporter-output>
        </test-method> <!-- Verify_Skip_Button_Functioning_Test -->
        <test-method status="PASS" signature="Teardown()[pri:0, instance:com.qa.testcases.NewRegistrationTest@61832929]" name="Teardown" is-config="true" duration-ms="9490" started-at="2020-04-21T11:10:16Z" finished-at="2020-04-21T11:10:26Z">
          <reporter-output>
          </reporter-output>
        </test-method> <!-- Teardown -->
        <test-method status="FAIL" signature="Setup()[pri:0, instance:com.qa.testcases.NewRegistrationTest@61832929]" name="Setup" is-config="true" duration-ms="0" started-at="2020-04-21T11:10:26Z" finished-at="2020-04-21T11:10:26Z">
          <exception class="org.openqa.selenium.NoSuchElementException">
            <message>
              <![CDATA[Unable to locate element: //*[@id="ehosfrm"]
For documentation on this error, please visit: https://www.seleniumhq.org/exceptions/no_such_element.html
Build info: version: '3.141.59', revision: 'e82be7d358', time: '2018-11-14T08:17:03'
System info: host: 'DELL', ip: '192.168.29.210', os.name: 'Windows 8.1', os.arch: 'amd64', os.version: '6.3', java.version: '1.8.0_251'
Driver info: org.openqa.selenium.firefox.FirefoxDriver
Capabilities {acceptInsecureCerts: true, browserName: firefox, browserVersion: 75.0, javascriptEnabled: true, moz:accessibilityChecks: false, moz:buildID: 20200403170909, moz:geckodriverVersion: 0.24.0, moz:headless: false, moz:processID: 10708, moz:profile: C:\Users\Yatan\AppData\Loca..., moz:shutdownTimeout: 60000, moz:useNonSpecCompliantPointerOrigin: false, moz:webdriverClick: true, pageLoadStrategy: normal, platform: WINDOWS, platformName: WINDOWS, platformVersion: 6.3, rotatable: false, setWindowRect: true, strictFileInteractability: false, timeouts: {implicit: 0, pageLoad: 300000, script: 30000}, unhandledPromptBehavior: dismiss and notify}
Session ID: 66fd1409-b69d-4252-a143-cd88b592bf13
*** Element info: {Using=xpath, value=//*[@id="ehosfrm"]}]]>
            </message>
            <full-stacktrace>
              <![CDATA[org.openqa.selenium.NoSuchElementException: Unable to locate element: //*[@id="ehosfrm"]
For documentation on this error, please visit: https://www.seleniumhq.org/exceptions/no_such_element.html
Build info: version: '3.141.59', revision: 'e82be7d358', time: '2018-11-14T08:17:03'
System info: host: 'DELL', ip: '192.168.29.210', os.name: 'Windows 8.1', os.arch: 'amd64', os.version: '6.3', java.version: '1.8.0_251'
Driver info: org.openqa.selenium.firefox.FirefoxDriver
Capabilities {acceptInsecureCerts: true, browserName: firefox, browserVersion: 75.0, javascriptEnabled: true, moz:accessibilityChecks: false, moz:buildID: 20200403170909, moz:geckodriverVersion: 0.24.0, moz:headless: false, moz:processID: 10708, moz:profile: C:\Users\Yatan\AppData\Loca..., moz:shutdownTimeout: 60000, moz:useNonSpecCompliantPointerOrigin: false, moz:webdriverClick: true, pageLoadStrategy: normal, platform: WINDOWS, platformName: WINDOWS, platformVersion: 6.3, rotatable: false, setWindowRect: true, strictFileInteractability: false, timeouts: {implicit: 0, pageLoad: 300000, script: 30000}, unhandledPromptBehavior: dismiss and notify}
Session ID: 66fd1409-b69d-4252-a143-cd88b592bf13
*** Element info: {Using=xpath, value=//*[@id="ehosfrm"]}
	at sun.reflect.NativeConstructorAccessorImpl.newInstance0(Native Method)
	at sun.reflect.NativeConstructorAccessorImpl.newInstance(Unknown Source)
	at sun.reflect.DelegatingConstructorAccessorImpl.newInstance(Unknown Source)
	at java.lang.reflect.Constructor.newInstance(Unknown Source)
	at org.openqa.selenium.remote.http.W3CHttpResponseCodec.createException(W3CHttpResponseCodec.java:187)
	at org.openqa.selenium.remote.http.W3CHttpResponseCodec.decode(W3CHttpResponseCodec.java:122)
	at org.openqa.selenium.remote.http.W3CHttpResponseCodec.decode(W3CHttpResponseCodec.java:49)
	at org.openqa.selenium.remote.HttpCommandExecutor.execute(HttpCommandExecutor.java:158)
	at org.openqa.selenium.remote.service.DriverCommandExecutor.execute(DriverCommandExecutor.java:83)
	at org.openqa.selenium.remote.RemoteWebDriver.execute(RemoteWebDriver.java:552)
	at org.openqa.selenium.remote.RemoteWebDriver.findElement(RemoteWebDriver.java:323)
	at org.openqa.selenium.remote.RemoteWebDriver.findElementByXPath(RemoteWebDriver.java:428)
	at org.openqa.selenium.By$ByXPath.findElement(By.java:353)
	at org.openqa.selenium.remote.RemoteWebDriver.findElement(RemoteWebDriver.java:315)
	at sun.reflect.GeneratedMethodAccessor5.invoke(Unknown Source)
	at sun.reflect.DelegatingMethodAccessorImpl.invoke(Unknown Source)
	at java.lang.reflect.Method.invoke(Unknown Source)
	at org.openqa.selenium.support.events.EventFiringWebDriver.lambda$new$1(EventFiringWebDriver.java:105)
	at com.sun.proxy.$Proxy7.findElement(Unknown Source)
	at org.openqa.selenium.support.events.EventFiringWebDriver.findElement(EventFiringWebDriver.java:194)
	at com.qa.util.TestUtil.MainFrame(TestUtil.java:36)
	at com.qa.testcases.NewRegistrationTest.Setup(NewRegistrationTest.java:51)
	at sun.reflect.NativeMethodAccessorImpl.invoke0(Native Method)
	at sun.reflect.NativeMethodAccessorImpl.invoke(Unknown Source)
	at sun.reflect.DelegatingMethodAccessorImpl.invoke(Unknown Source)
	at java.lang.reflect.Method.invoke(Unknown Source)
	at org.testng.internal.MethodInvocationHelper.invokeMethod(MethodInvocationHelper.java:80)
	at org.testng.internal.Invoker.invokeConfigurationMethod(Invoker.java:564)
	at org.testng.internal.Invoker.invokeConfigurations(Invoker.java:213)
	at org.testng.internal.Invoker.invokeMethod(Invoker.java:653)
	at org.testng.internal.Invoker.invokeTestMethod(Invoker.java:901)
	at org.testng.internal.Invoker.invokeTestMethods(Invoker.java:1231)
	at org.testng.internal.TestMethodWorker.invokeTestMethods(TestMethodWorker.java:127)
	at org.testng.internal.TestMethodWorker.run(TestMethodWorker.java:111)
	at org.testng.TestRunner.privateRun(TestRunner.java:767)
	at org.testng.TestRunner.run(TestRunner.java:617)
	at org.testng.SuiteRunner.runTest(SuiteRunner.java:334)
	at org.testng.SuiteRunner.runSequentially(SuiteRunner.java:329)
	at org.testng.SuiteRunner.privateRun(SuiteRunner.java:291)
	at org.testng.SuiteRunner.run(SuiteRunner.java:240)
	at org.testng.SuiteRunnerWorker.runSuite(SuiteRunnerWorker.java:52)
	at org.testng.SuiteRunnerWorker.run(SuiteRunnerWorker.java:86)
	at org.testng.TestNG.runSuitesSequentially(TestNG.java:1198)
	at org.testng.TestNG.runSuitesLocally(TestNG.java:1123)
	at org.testng.TestNG.run(TestNG.java:1031)
	at org.testng.remote.AbstractRemoteTestNG.run(AbstractRemoteTestNG.java:126)
	at org.testng.remote.RemoteTestNG.initAndRun(RemoteTestNG.java:152)
	at org.testng.remote.RemoteTestNG.main(RemoteTestNG.java:57)
]]>
            </full-stacktrace>
          </exception> <!-- org.openqa.selenium.NoSuchElementException -->
          <reporter-output>
          </reporter-output>
        </test-method> <!-- Setup -->
        <test-method status="SKIP" signature="Registration_Form_Redirection_Test()[pri:0, instance:com.qa.testcases.NewRegistrationTest@61832929]" name="Registration_Form_Redirection_Test" duration-ms="12" started-at="2020-04-21T11:11:12Z" finished-at="2020-04-21T11:11:12Z">
          <reporter-output>
          </reporter-output>
        </test-method> <!-- Registration_Form_Redirection_Test -->
        <test-method status="SKIP" signature="Teardown()[pri:0, instance:com.qa.testcases.NewRegistrationTest@61832929]" name="Teardown" is-config="true" duration-ms="0" started-at="2020-04-21T11:11:12Z" finished-at="2020-04-21T11:11:12Z">
          <reporter-output>
          </reporter-output>
        </test-method> <!-- Teardown -->
      </class> <!-- com.qa.testcases.NewRegistrationTest -->
    </test> <!-- Test -->
  </suite> <!-- e-Hospital Automation Testing Suite  -->
</testng-results>
